<?xml version="1.0" encoding="UTF-8"?>
<!-- Generated by org.testng.reporters.JUnitXMLReporter -->
<testsuite hostname="SHG075CD7155YZD" ignored="0" name="Default test" tests="2" failures="0" timestamp="28 Dec 2017 00:52:02 GMT" time="0.026" errors="0">
  <testcase name="f" time="0.004" classname="com.crowdfunding.sjtu.controller.TestNGforControllerClassTest"/>
  <testcase name="f" time="0.0" classname="com.crowdfunding.sjtu.controller.TestNGforControllerClassTest"/>
</testsuite> <!-- Default test -->
